AMI Backup failed for instance i-0cdb5903d91c04c7b
AMI Backup failed for instance i-0cdb5903d91c04c7b
AMI Backup failed for instance i-0cdb5903d91c04c7b
3
Identifying instance...
Beginning AMI Backup for Kuddus-Client
An error occurred (UnauthorizedOperation) when calling the CreateImage operation: You are not authorized to perform this operation. Encoded authorization failure message: ou3ALEuupnATIFePhUimljl88aHbHJEiqt_hQm_gcxxpReTz9q4I1L4DVrYeRVP_a3auXk3AlTto7CGcmDE2WwxVb8yrZV-HMhVu-JiU-lNs1lIvDk8dwD6_tWga9iDDlNpIM59TI7BR7JKWYVkIx3bprya6EYb1AC3HN73dzTmQ5c91-xeX4J_Eb3_M1eYUlTET5t36hQw1lRNlw6U37mt5hRrhwc3f6WrLYGj_J5iEks0yGhxLP9Ua0TQFo7LwLaPvfdluEy4N6ADbGgyAdgB4ntqH3MDoywOzZIe5uEDD2NzEj2H1cdSj72b11Zd12tw99tdgTrq9ASstLagj86rtWhaFrYghO7bd2v3ScVJDsthb0X7TsXq3MeUdLZgYidYWXTPYoysNSXgYA_4glYuywooCVD8yDLYTDnSTm6DFaGWWPmSzd1svVcSfOfY67YzKIUNTv-fcwEUEqCbbbkOdmKrAgp_h4PMC25wNkoan9PHoHOwZyaMxq2o9QIt0hwmN9ptvmm-f8rPt8pOqaSWANYto-cECBfY6XM2dzC5ii8HMoxeStELsLOpQP7kW6eVphqy9wzgmnwM1rBb-V8EjEdFZYAeLlUC-OBQwusC_uCZO5aQZL5Cp9I6Nsyda6ZdFOexSUtgBAM7WiSW4rCWKfE08g-iuGrr1TJhYSYJSHf278wvIpoz6fsX7oWbWj8hd0uX71p4xy0bjCj66LySnl8nB1PC_Mc5If4fmzXQmXbNrZwhL1jJLRwefhTTxwz8R2OFhdewEyCoPINabvSfy7cyWODoA
AMI Backup failed for instance i-0cdb5903d91c04c7b
3
Identifying instance...
Beginning AMI Backup for Kuddus-Client
Waiting for AMI Backup to complete...ami-0065b7848b971a33d
Current state for AMI ID ami-0065b7848b971a33d is pending
Current state for AMI ID ami-0065b7848b971a33d is pending
Current state for AMI ID ami-0065b7848b971a33d is available
AMI Backup complete...available
3
Identifying instance...
Beginning AMI Backup for Kuddus-Client
Waiting for AMI Backup to complete...ami-0b457675aa4336990
Current state for AMI ID ami-0b457675aa4336990 is pending
Current state for AMI ID ami-0b457675aa4336990 is available
AMI Backup complete...available
3
Identifying instance...
Beginning AMI Backup for Kuddus-Client
Waiting for AMI Backup to complete...ami-0cdd0e3b5998a5960
Current state for AMI ID ami-0cdd0e3b5998a5960 is pending
Current state for AMI ID ami-0cdd0e3b5998a5960 is pending
Current state for AMI ID ami-0cdd0e3b5998a5960 is pending
Current state for AMI ID ami-0cdd0e3b5998a5960 is available
AMI Backup complete...available
